<?xml version="1.0" encoding="UTF-8"?>
<testng-results ignored="0" total="1" passed="1" failed="0" skipped="0">
  <reporter-output>
  </reporter-output>
  <suite started-at="2024-04-22T13:21:05 IST" name="Surefire suite" finished-at="2024-04-22T13:21:13 IST" duration-ms="8368">
    <groups>
    </groups>
    <test started-at="2024-04-22T13:21:05 IST" name="Surefire test" finished-at="2024-04-22T13:21:13 IST" duration-ms="8368">
      <class name="driverFactory.AppTest">
        <test-method signature="kickstart()[pri:0, instance:driverFactory.AppTest@7690781]" started-at="2024-04-22T13:21:05 IST" name="kickstart" finished-at="2024-04-22T13:21:13 IST" duration-ms="8308" status="PASS">
          <reporter-output>
          </reporter-output>
        </test-method> <!-- kickstart -->
      </class> <!-- driverFactory.AppTest -->
    </test> <!-- Surefire test -->
  </suite> <!-- Surefire suite -->
</testng-results>
